[debug] [2023-01-20T01:21:12.629Z] ----------------------------------------------------------------------
[debug] [2023-01-20T01:21:12.631Z] Command:       /Users/higueradev/.nvm/versions/node/v19.3.0/bin/node /Users/higueradev/.nvm/versions/node/v19.3.0/bin/firebase init
[debug] [2023-01-20T01:21:12.631Z] CLI Version:   11.18.0
[debug] [2023-01-20T01:21:12.631Z] Platform:      darwin
[debug] [2023-01-20T01:21:12.631Z] Node Version:  v19.3.0
[debug] [2023-01-20T01:21:12.631Z] Time:          Thu Jan 19 2023 18:21:12 GMT-0700 (Mexican Pacific Standard Time)
[debug] [2023-01-20T01:21:12.632Z] ----------------------------------------------------------------------
[debug] 
[debug] [2023-01-20T01:21:12.634Z] > command requires scopes: ["email","openid","https://www.googleapis.com/auth/cloudplatformprojects.readonly","https://www.googleapis.com/auth/firebase","https://www.googleapis.com/auth/cloud-platform"]
[debug] [2023-01-20T01:21:12.634Z] > authorizing via signed-in user (contact@higueradev.com)
[info] 
     ######## #### ########  ######## ########     ###     ######  ########
     ##        ##  ##     ## ##       ##     ##  ##   ##  ##       ##
     ######    ##  ########  ######   ########  #########  ######  ######
     ##        ##  ##    ##  ##       ##     ## ##     ##       ## ##
     ##       #### ##     ## ######## ########  ##     ##  ######  ########

You're about to initialize a Firebase project in this directory:

  /Users/higueradev/Desktop/p_repos/portfolio

[info] 
=== Project Setup
[info] 
[info] First, let's associate this project directory with a Firebase project.
[info] You can create multiple project aliases by running firebase use --add, 
[info] but for now we'll just set up a default project.
[info] 
[debug] [2023-01-20T01:21:20.006Z] >>> [apiv2][query] GET https://firebase.googleapis.com/v1beta1/projects pageSize=100
[debug] [2023-01-20T01:21:20.900Z] <<< [apiv2][status] GET https://firebase.googleapis.com/v1beta1/projects 200
[debug] [2023-01-20T01:21:20.900Z] <<< [apiv2][body] GET https://firebase.googleapis.com/v1beta1/projects [omitted]
[info] i  Using project portfolio-a9c2c (portfolio) 
[info] 
=== Hosting Setup
[info] 
[info] Your public directory is the folder (relative to your project directory) that
[info] will contain Hosting assets to be uploaded with firebase deploy. If you
[info] have a build process for your assets, use your build's output directory.
[info] 
[debug] [2023-01-20T01:22:26.281Z] >>> [apiv2][query] GET https://www.gstatic.com/firebasejs/releases.json [none]
[debug] [2023-01-20T01:22:26.535Z] <<< [apiv2][status] GET https://www.gstatic.com/firebasejs/releases.json 200
[debug] [2023-01-20T01:22:26.535Z] <<< [apiv2][body] GET https://www.gstatic.com/firebasejs/releases.json {"current":{"version":"9.16.0","browserURL":"https://www.gstatic.com/firebasejs/9.16.0/firebase.js","packageURL":"https://www.gstatic.com/firebasejs/9.16.0/firebase.tgz"},"live":{"version":"9.16","browserURL":"https://www.gstatic.com/firebasejs/live/9.16/firebase.js","packageURL":"https://www.gstatic.com/firebasejs/live/9.16/firebase.tgz"},"components":{"analytics":"https://www.gstatic.com/firebasejs/9.16.0/firebase-analytics.js","app":"https://www.gstatic.com/firebasejs/9.16.0/firebase-app.js","app-check":"https://www.gstatic.com/firebasejs/9.16.0/firebase-app-check.js","auth":"https://www.gstatic.com/firebasejs/9.16.0/firebase-auth.js","auth/cordova":"https://www.gstatic.com/firebasejs/9.16.0/firebase-auth/cordova.js","auth/react-native":"https://www.gstatic.com/firebasejs/9.16.0/firebase-auth/react-native.js","functions":"https://www.gstatic.com/firebasejs/9.16.0/firebase-functions.js","firestore":"https://www.gstatic.com/firebasejs/9.16.0/firebase-firestore.js","firestore/lite":"https://www.gstatic.com/firebasejs/9.16.0/firebase-firestore/lite.js","installations":"https://www.gstatic.com/firebasejs/9.16.0/firebase-installations.js","storage":"https://www.gstatic.com/firebasejs/9.16.0/firebase-storage.js","performance":"https://www.gstatic.com/firebasejs/9.16.0/firebase-performance.js","remote-config":"https://www.gstatic.com/firebasejs/9.16.0/firebase-remote-config.js","messaging":"https://www.gstatic.com/firebasejs/9.16.0/firebase-messaging.js","messaging/sw":"https://www.gstatic.com/firebasejs/9.16.0/firebase-messaging/sw.js","database":"https://www.gstatic.com/firebasejs/9.16.0/firebase-database.js","firestore.memory":"https://www.gstatic.com/firebasejs/9.16.0/firebase-firestore.memory.js"}}
[info] ✔  Wrote public/index.html 
[info] 
[info] i  Detected a .git folder at /Users/higueradev/Desktop/p_repos/portfolio 
[info] i  Authorizing with GitHub to upload your service account to a GitHub repository's secrets store. 
[info] 
[info] Visit this URL on this device to log in:
[info] https://github.com/login/oauth/authorize?client_id=89cf50f02ac6aaed3484&state=958479086&redirect_uri=http%3A%2F%2Flocalhost%3A9005&scope=read%3Auser%20repo%20public_repo
[info] 
[info] Waiting for authentication...
[debug] [2023-01-20T01:23:54.793Z] >>> [apiv2][query] POST https://github.com/login/oauth/access_token [none]
[debug] [2023-01-20T01:23:54.796Z] >>> [apiv2][body] POST https://github.com/login/oauth/access_token [stream]
[debug] [2023-01-20T01:23:55.337Z] <<< [apiv2][status] POST https://github.com/login/oauth/access_token 200
[debug] [2023-01-20T01:23:55.337Z] <<< [apiv2][body] POST https://github.com/login/oauth/access_token {"access_token":"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","token_type":"bearer","scope":"read:user,repo"}
[debug] [2023-01-20T01:23:55.352Z] >>> [apiv2][query] GET https://api.github.com/user [none]
[debug] [2023-01-20T01:23:55.949Z] <<< [apiv2][status] GET https://api.github.com/user 200
[debug] [2023-01-20T01:23:55.949Z] <<< [apiv2][body] GET https://api.github.com/user {"login":"higueraDev","id":49871959,"node_id":"MDQ6VXNlcjQ5ODcxOTU5","avatar_url":"https://avatars.githubusercontent.com/u/49871959?v=4","gravatar_id":"","url":"https://api.github.com/users/higueraDev","html_url":"https://github.com/higueraDev","followers_url":"https://api.github.com/users/higueraDev/followers","following_url":"https://api.github.com/users/higueraDev/following{/other_user}","gists_url":"https://api.github.com/users/higueraDev/gists{/gist_id}","starred_url":"https://api.github.com/users/higueraDev/starred{/owner}{/repo}","subscriptions_url":"https://api.github.com/users/higueraDev/subscriptions","organizations_url":"https://api.github.com/users/higueraDev/orgs","repos_url":"https://api.github.com/users/higueraDev/repos","events_url":"https://api.github.com/users/higueraDev/events{/privacy}","received_events_url":"https://api.github.com/users/higueraDev/received_events","type":"User","site_admin":false,"name":"David Higuera","company":null,"blog":"","location":null,"email":null,"hireable":null,"bio":"Software Developer","twitter_username":"higueraDev","public_repos":21,"public_gists":0,"followers":1,"following":5,"created_at":"2019-04-22T13:23:07Z","updated_at":"2023-01-20T01:23:34Z","private_gists":0,"total_private_repos":1,"owned_private_repos":1,"disk_usage":35755,"collaborators":0,"two_factor_authentication":true,"plan":{"name":"free","space":976562499,"collaborators":0,"private_repos":10000}}
[info] 
[info] ✔  Success! Logged into GitHub as higueraDev 
[info] 
